  Alpha_blending.cpp
  camera.cpp
  light.cpp
C:\SUNKUE\_작업물 보관소\학업\2-2\컴퓨터그래픽스(01) 송인희\CG_OPENGL_TERM\CG_OPENGL_term\light.cpp(47,20): warning C4018: '<': signed/unsigned mismatch
  Obj.cpp
C:\SUNKUE\_작업물 보관소\학업\2-2\컴퓨터그래픽스(01) 송인희\CG_OPENGL_TERM\CG_OPENGL_term\Obj.cpp(188,75): warning C4267: 'argument': conversion from 'size_t' to 'GLsizei', possible loss of data
  main.cpp
C:\SUNKUE\_작업물 보관소\학업\2-2\컴퓨터그래픽스(01) 송인희\CG_OPENGL_TERM\CG_OPENGL_term\main.cpp(558,37): warning C4305: 'argument': truncation from 'double' to 'GLfloat'
C:\SUNKUE\_작업물 보관소\학업\2-2\컴퓨터그래픽스(01) 송인희\CG_OPENGL_TERM\CG_OPENGL_term\main.cpp(561,38): warning C4305: 'argument': truncation from 'double' to 'GLfloat'
  PLANE.cpp
  screen.cpp
C:\SUNKUE\_작업물 보관소\학업\2-2\컴퓨터그래픽스(01) 송인희\CG_OPENGL_TERM\CG_OPENGL_term\screen.cpp(6,41): warning C4244: 'return': conversion from 'GLsizei' to 'GLfloat', possible loss of data
  shader_sunkue.cpp
C:\SUNKUE\_작업물 보관소\학업\2-2\컴퓨터그래픽스(01) 송인희\CG_OPENGL_TERM\CG_OPENGL_term\shader_sunkue.cpp(56,12): warning C4244: 'initializing': conversion from 'std::streamoff' to 'int', possible loss of data
  Sound.cpp
  texture_sunkue.cpp
  Generating code
  Previous IPDB not found, fall back to full compilation.
C:\SUNKUE\_작업물 보관소\학업\2-2\컴퓨터그래픽스(01) 송인희\CG_OPENGL_TERM\CG_OPENGL_term\light.cpp(26): warning C4715: 'LIGHT::on': not all control paths return a value
  All 1288 functions were compiled because no usable IPDB/IOBJ from previous compilation was found.
  Finished generating code
  CG_OPENGL_term.vcxproj -> C:\SUNKUE\_작업물 보관소\학업\2-2\컴퓨터그래픽스(01) 송인희\CG_OPENGL_TERM\x64\Release\CG_OPENGL_term.exe
